1700573347390:help
1700573352284:hello
1700573355757:genReport
1700573583024:hello
1700573599697:hello name=Dan
1700573604359:hello Dan
1700602238618:help
1700602246685:syncAll
1700929673611:syncMarketplaces
1700933251782:syncListingStatuses
1700933268378:syncLocations
1700933541962:syncMarketplaces
1700933549629:syncListingStatuses
1700933557288:syncLocations
1700970309504:syncMarketplaces
1700971274633:syncListingStatuses
1700971328531:syncMarketplaces
1700971356998:syncListingStatuses
1700971380747:syncLocations
1700971421679:syncListings
1700996015993:syncMarketplaces
1700996041175:syncListingStatuses
1700996062984:syncLocations
1700996117215:syncListings
1700998512335:for (Map.Entry<String, Object> entry : apiResponseElement.entrySet()) {
1700998577865:syncListings
1700998618529:for (Map.Entry<String, Object> entry : apiResponseElement.entrySet()) {
1700998639106:syncListings
1701012668786:syncMarketplaces
1701012676824:syncListingStatuses
1701012683304:syncLocations
1701012688818:syncListings
1701018812178:syncMarketplaces
1701018835533:syncListingStatuses
1701018853199:syncLocations
1701019324412:syncListings
1701038703887:genTotalReport
1701042456136:syncMarketplaces
1701042618645:syncListingStatuses
1701042625807:syncLocations
1701042636613:syncListings
1701043111188:genTotalReport
1701104684710:genReport
1701105604139:syncMarketplaces
1701105611531:syncListingStatuses
1701105616794:syncLocations
1701105626212:syncListings
1701105728848:genReport
